<?xml version="1.0" encoding="UTF-8"?>
<!-- Generated by org.testng.reporters.JUnitReportReporter -->
<testsuite hostname="DESKTOP-B8HKU4T" failures="0" tests="1" name="com.shopping.TestCases.loginTest" time="22.078" errors="0" timestamp="2023-03-06T13:42:49 PST" skipped="0">
  <testcase classname="com.shopping.TestCases.loginTest" name="varifyvalidlogin" time="22.078"/>
  <system-out/>
</testsuite> <!-- com.shopping.TestCases.loginTest -->
