<?xml version="1.0" encoding="UTF-8"?>
<!-- Generated by org.testng.reporters.JUnitReportReporter -->
<testsuite hostname="DESKTOP-B8HKU4T" failures="0" tests="2" name="com.shopping.TestCases.HomepaggeTest" time="30.374" errors="0" timestamp="2023-03-06T13:42:49 PST" skipped="0">
  <testcase classname="com.shopping.TestCases.HomepaggeTest" name="verifyPageTitle" time="12.676"/>
  <system-out/>
  <testcase classname="com.shopping.TestCases.HomepaggeTest" name="verifyhomePagelanding" time="17.698"/>
  <system-out/>
</testsuite> <!-- com.shopping.TestCases.HomepaggeTest -->
